DEPRECATION WARNING: ActionController::Routing::Routes is deprecated. Instead, use Rails.application.routes. (called from <top (required)> at /Users/ppvanzella/Code/InventoryControl/config/routes.rb:1)
DEPRECATION WARNING: You are using the old router DSL which will be removed in Rails 3.1. Please check how to update your routes file at: http://www.engineyard.com/blog/2010/the-lowdown-on-routes-in-rails-3/. (called from initialize at /Users/ppvanzella/.rvm/gems/ruby-1.9.2-p0/gems/actionpack-3.0.0.rc/lib/action_dispatch/routing/deprecated_mapper.rb:33)
DEPRECATION WARNING: ActionController::Routing::Routes is deprecated. Instead, use Rails.application.routes. (called from <top (required)> at /Users/ppvanzella/Code/InventoryControl/config/routes.rb:1)
DEPRECATION WARNING: You are using the old router DSL which will be removed in Rails 3.1. Please check how to update your routes file at: http://www.engineyard.com/blog/2010/the-lowdown-on-routes-in-rails-3/. (called from initialize at /Users/ppvanzella/.rvm/gems/ruby-1.9.2-p0/gems/actionpack-3.0.0.rc/lib/action_dispatch/routing/deprecated_mapper.rb:33)
DEPRECATION WARNING: ActionController::Routing::Routes is deprecated. Instead, use Rails.application.routes. (called from <top (required)> at /Users/ppvanzella/Code/InventoryControl/config/routes.rb:1)
DEPRECATION WARNING: You are using the old router DSL which will be removed in Rails 3.1. Please check how to update your routes file at: http://www.engineyard.com/blog/2010/the-lowdown-on-routes-in-rails-3/. (called from initialize at /Users/ppvanzella/.rvm/gems/ruby-1.9.2-p0/gems/actionpack-3.0.0.rc/lib/action_dispatch/routing/deprecated_mapper.rb:33)
DEPRECATION WARNING: ActionController::Routing::Routes is deprecated. Instead, use Rails.application.routes. (called from <top (required)> at /Users/ppvanzella/Code/InventoryControl/config/routes.rb:1)
DEPRECATION WARNING: You are using the old router DSL which will be removed in Rails 3.1. Please check how to update your routes file at: http://www.engineyard.com/blog/2010/the-lowdown-on-routes-in-rails-3/. (called from initialize at /Users/ppvanzella/.rvm/gems/ruby-1.9.2-p0/gems/actionpack-3.0.0.rc/lib/action_dispatch/routing/deprecated_mapper.rb:33)
DEPRECATION WARNING: ActionController::Routing::Routes is deprecated. Instead, use Rails.application.routes. (called from <top (required)> at /Users/ppvanzella/Code/InventoryControl/config/routes.rb:1)
DEPRECATION WARNING: You are using the old router DSL which will be removed in Rails 3.1. Please check how to update your routes file at: http://www.engineyard.com/blog/2010/the-lowdown-on-routes-in-rails-3/. (called from initialize at /Users/ppvanzella/.rvm/gems/ruby-1.9.2-p0/gems/actionpack-3.0.0.rc/lib/action_dispatch/routing/deprecated_mapper.rb:33)
DEPRECATION WARNING: ActionController::Routing::Routes is deprecated. Instead, use Rails.application.routes. (called from <top (required)> at /Users/ppvanzella/Code/InventoryControl/config/routes.rb:1)
DEPRECATION WARNING: You are using the old router DSL which will be removed in Rails 3.1. Please check how to update your routes file at: http://www.engineyard.com/blog/2010/the-lowdown-on-routes-in-rails-3/. (called from initialize at /Users/ppvanzella/.rvm/gems/ruby-1.9.2-p0/gems/actionpack-3.0.0.rc/lib/action_dispatch/routing/deprecated_mapper.rb:33)


Started GET "/products" for 127.0.0.1 at 2010-08-20 00:32:53 -0300

ActionController::RoutingError (uninitialized constant InheritedResources):
  app/controllers/products_controller.rb:1:in `<top (required)>'
  activesupport (3.0.0.rc) lib/active_support/inflector/methods.rb:124:in `block in constantize'
  activesupport (3.0.0.rc) lib/active_support/inflector/methods.rb:123:in `each'
  activesupport (3.0.0.rc) lib/active_support/inflector/methods.rb:123:in `constantize'
  actionpack (3.0.0.rc) lib/action_dispatch/routing/route_set.rb:58:in `controller_reference'
  actionpack (3.0.0.rc) lib/action_dispatch/routing/route_set.rb:44:in `controller'
  actionpack (3.0.0.rc) lib/action_dispatch/routing/route_set.rb:23:in `call'
  rack-mount (0.6.9) lib/rack/mount/route_set.rb:148:in `block in call'
  rack-mount (0.6.9) lib/rack/mount/code_generation.rb:89:in `block in recognize'
  rack-mount (0.6.9) lib/rack/mount/code_generation.rb:66:in `optimized_each'
  rack-mount (0.6.9) lib/rack/mount/code_generation.rb:88:in `recognize'
  rack-mount (0.6.9) lib/rack/mount/route_set.rb:139:in `call'
  actionpack (3.0.0.rc) lib/action_dispatch/routing/route_set.rb:489:in `call'
  actionpack (3.0.0.rc) lib/action_dispatch/middleware/head.rb:14:in `call'
  rack (1.2.1) lib/rack/methodoverride.rb:24:in `call'
  actionpack (3.0.0.rc) lib/action_dispatch/middleware/params_parser.rb:21:in `call'
  actionpack (3.0.0.rc) lib/action_dispatch/middleware/flash.rb:177:in `call'
  actionpack (3.0.0.rc) lib/action_dispatch/middleware/session/abstract_store.rb:149:in `call'
  actionpack (3.0.0.rc) lib/action_dispatch/middleware/cookies.rb:268:in `call'
  activerecord (3.0.0.rc) lib/active_record/query_cache.rb:32:in `block in call'
  activerecord (3.0.0.rc) lib/active_record/connection_adapters/abstract/query_cache.rb:28:in `cache'
  activerecord (3.0.0.rc) lib/active_record/query_cache.rb:12:in `cache'
  activerecord (3.0.0.rc) lib/active_record/query_cache.rb:31:in `call'
  actionpack (3.0.0.rc) lib/action_dispatch/middleware/callbacks.rb:46:in `block in call'
  activesupport (3.0.0.rc) lib/active_support/callbacks.rb:410:in `_run_call_callbacks'
  actionpack (3.0.0.rc) lib/action_dispatch/middleware/callbacks.rb:44:in `call'
  rack (1.2.1) lib/rack/sendfile.rb:107:in `call'
  actionpack (3.0.0.rc) lib/action_dispatch/middleware/remote_ip.rb:48:in `call'
  actionpack (3.0.0.rc) lib/action_dispatch/middleware/show_exceptions.rb:48:in `call'
  railties (3.0.0.rc) lib/rails/rack/logger.rb:13:in `call'
  rack (1.2.1) lib/rack/runtime.rb:17:in `call'
  activesupport (3.0.0.rc) lib/active_support/cache/strategy/local_cache.rb:72:in `call'
  rack (1.2.1) lib/rack/lock.rb:11:in `block in call'
  <internal:prelude>:10:in `synchronize'
  rack (1.2.1) lib/rack/lock.rb:11:in `call'
  actionpack (3.0.0.rc) lib/action_dispatch/middleware/static.rb:30:in `call'
  railties (3.0.0.rc) lib/rails/application.rb:168:in `call'
  railties (3.0.0.rc) lib/rails/application.rb:77:in `method_missing'
  railties (3.0.0.rc) lib/rails/rack/log_tailer.rb:15:in `call'
  rack (1.2.1) lib/rack/content_length.rb:13:in `call'
  rack (1.2.1) lib/rack/handler/webrick.rb:52:in `service'
  /Users/ppvanzella/.rvm/rubies/ruby-1.9.2-p0/lib/ruby/1.9.1/webrick/httpserver.rb:111:in `service'
  /Users/ppvanzella/.rvm/rubies/ruby-1.9.2-p0/lib/ruby/1.9.1/webrick/httpserver.rb:70:in `run'
  /Users/ppvanzella/.rvm/rubies/ruby-1.9.2-p0/lib/ruby/1.9.1/webrick/server.rb:183:in `block in start_thread'

Rendered /Users/ppvanzella/.rvm/gems/ruby-1.9.2-p0/gems/actionpack-3.0.0.rc/lib/action_dispatch/middleware/templates/rescues/routing_error.erb within rescues/layout (1.3ms)
