

Processing AnalyzeInventoryController#index (for 127.0.0.1 at 2010-06-16 11:20:20) [GET]
  Parameters: {"locale"=>"pt-BR"}

ActiveRecord::StatementInvalid (PGError: ERRO:  relação "products" não existe
LINE 4:              WHERE a.attrelid = '"products"'::regclass
                                        ^
:             SELECT a.attname, format_type(a.atttypid, a.atttypmod), d.adsrc, a.attnotnull
              FROM pg_attribute a LEFT JOIN pg_attrdef d
                ON a.attrelid = d.adrelid AND a.attnum = d.adnum
             WHERE a.attrelid = '"products"'::regclass
               AND a.attnum > 0 AND NOT a.attisdropped
             ORDER BY a.attnum
):
  searchlogic (2.4.19) lib/searchlogic/named_scopes/ordering.rb:35:in `ordering_condition_details'
  searchlogic (2.4.19) lib/searchlogic/named_scopes/ordering.rb:26:in `method_missing'
  searchlogic (2.4.19) lib/searchlogic/named_scopes/or_conditions.rb:28:in `method_missing'
  app/controllers/analyze_inventory_controller.rb:12:in `index'

Rendering rescues/layout (internal_server_error)


Processing AnalyzeInventoryController#index (for 127.0.0.1 at 2010-06-16 11:21:24) [GET]
  Parameters: {"locale"=>"pt-BR"}
Rendering template within layouts/application
Rendering analyze_inventory/index
Completed in 33ms (View: 17, DB: 9) | 200 OK [http://localhost/]


Processing AnalyzeInventoryController#index (for 127.0.0.1 at 2010-06-16 11:25:02) [GET]
  Parameters: {"locale"=>"pt-BR"}
Rendering template within layouts/application
Rendering analyze_inventory/index
Completed in 25ms (View: 15, DB: 2) | 200 OK [http://localhost/]


Processing AnalyzeInventoryController#index (for 127.0.0.1 at 2010-06-16 11:25:04) [GET]
  Parameters: {"locale"=>"pt-BR"}
Rendering template within layouts/application
Rendering analyze_inventory/index
Completed in 8ms (View: 4, DB: 1) | 200 OK [http://localhost/]


Processing AnalyzeInventoryController#index (for 127.0.0.1 at 2010-06-16 11:25:05) [GET]
  Parameters: {"locale"=>"pt-BR"}
Rendering template within layouts/application
Rendering analyze_inventory/index
Completed in 10ms (View: 4, DB: 1) | 200 OK [http://localhost/]


Processing AnalyzeInventoryController#index (for 127.0.0.1 at 2010-06-16 11:25:05) [GET]
  Parameters: {"locale"=>"pt-BR"}
Rendering template within layouts/application
Rendering analyze_inventory/index
Completed in 17ms (View: 9, DB: 2) | 200 OK [http://localhost/]


Processing AnalyzeInventoryController#index (for 127.0.0.1 at 2010-06-16 11:25:05) [GET]
  Parameters: {"locale"=>"pt-BR"}
Rendering template within layouts/application
Rendering analyze_inventory/index
Completed in 8ms (View: 4, DB: 1) | 200 OK [http://localhost/]


Processing AnalyzeInventoryController#index (for 127.0.0.1 at 2010-06-16 11:25:05) [GET]
  Parameters: {"locale"=>"pt-BR"}
Rendering template within layouts/application
Rendering analyze_inventory/index
Completed in 7ms (View: 4, DB: 1) | 200 OK [http://localhost/]


Processing AnalyzeInventoryController#index (for 127.0.0.1 at 2010-06-16 11:25:05) [GET]
  Parameters: {"locale"=>"pt-BR"}
Rendering template within layouts/application
Rendering analyze_inventory/index
Completed in 12ms (View: 4, DB: 2) | 200 OK [http://localhost/]


Processing AnalyzeInventoryController#index (for 127.0.0.1 at 2010-06-16 11:25:47) [GET]
  Parameters: {"locale"=>"pt-BR"}
Rendering template within layouts/application
Rendering analyze_inventory/index
Completed in 25ms (View: 14, DB: 2) | 200 OK [http://localhost/]


Processing AnalyzeInventoryController#index (for 127.0.0.1 at 2010-06-16 11:25:50) [GET]
  Parameters: {"locale"=>"pt-BR"}
Rendering template within layouts/application
Rendering analyze_inventory/index
Completed in 11ms (View: 4, DB: 2) | 200 OK [http://localhost/]


Processing AnalyzeInventoryController#index (for 127.0.0.1 at 2010-06-16 11:26:29) [GET]
  Parameters: {"locale"=>"pt-BR"}
Rendering template within layouts/application
Rendering analyze_inventory/index
Completed in 23ms (View: 14, DB: 2) | 200 OK [http://localhost/]


Processing ApplicationController#index (for 127.0.0.1 at 2010-06-16 11:26:29) [GET]
  Parameters: {"1276693163"=>nil}

ActionController::RoutingError (No route matches "/inventorycontrol/stylesheets/base_packaged.css" with {:method=>:get}):
  

Rendering rescues/layout (not_found)


Processing ApplicationController#index (for 127.0.0.1 at 2010-06-16 11:26:29) [GET]
  Parameters: {"1276693163"=>nil}

ActionController::RoutingError (No route matches "/inventorycontrol/javascripts/base_packaged.js" with {:method=>:get}):
  

Rendering rescues/layout (not_found)


Processing AnalyzeInventoryController#index (for 127.0.0.1 at 2010-06-16 11:27:23) [GET]
  Parameters: {"locale"=>"pt-BR"}
Rendering template within layouts/application
Rendering analyze_inventory/index
Completed in 24ms (View: 14, DB: 2) | 200 OK [http://localhost/]


Processing ApplicationController#index (for 127.0.0.1 at 2010-06-16 11:27:23) [GET]
  Parameters: {"1276693163"=>nil}

ActionController::RoutingError (No route matches "/stylesheets/base_packaged.css" with {:method=>:get}):
  

Rendering rescues/layout (not_found)


Processing ApplicationController#index (for 127.0.0.1 at 2010-06-16 11:27:23) [GET]
  Parameters: {"1276693163"=>nil}

ActionController::RoutingError (No route matches "/javascripts/base_packaged.js" with {:method=>:get}):
  

Rendering rescues/layout (not_found)


Processing AnalyzeInventoryController#index (for 127.0.0.1 at 2010-06-16 11:27:44) [GET]
  Parameters: {"locale"=>"pt-BR"}
Rendering template within layouts/application
Rendering analyze_inventory/index
Completed in 24ms (View: 14, DB: 2) | 200 OK [http://localhost/]


Processing AnalyzeInventoryController#index (for 127.0.0.1 at 2010-06-16 11:33:01) [GET]
  Parameters: {"locale"=>"pt-BR"}
Rendering template within layouts/application
Rendering analyze_inventory/index
Completed in 24ms (View: 15, DB: 2) | 200 OK [http://localhost/]


Processing AnalyzeInventoryController#index (for 127.0.0.1 at 2010-06-16 11:35:54) [GET]
  Parameters: {"locale"=>"pt-BR"}
Rendering template within layouts/application
Rendering analyze_inventory/index
Completed in 26ms (View: 15, DB: 2) | 200 OK [http://localhost/]


Processing ApplicationController#index (for 127.0.0.1 at 2010-06-16 11:37:37) [GET]
  Parameters: {"1276693163"=>nil}

ActionController::RoutingError (No route matches "/bruno/trabalho/workspace_ruby/InventoryControl/public//inventorycontrol/stylesheets/base_packaged.css" with {:method=>:get}):
  

Rendering rescues/layout (not_found)


Processing AnalyzeInventoryController#index (for 127.0.0.1 at 2010-06-16 13:19:34) [GET]
  Parameters: {"locale"=>"pt-BR"}
Rendering template within layouts/application
Rendering analyze_inventory/index
Completed in 204ms (View: 65, DB: 7) | 200 OK [http://localhost/]


Processing AnalyzeInventoryController#index (for 127.0.0.1 at 2010-06-16 13:20:45) [GET]
  Parameters: {"locale"=>"pt-BR"}
Rendering template within layouts/application
Rendering analyze_inventory/index
Completed in 11ms (View: 5, DB: 2) | 200 OK [http://localhost/]


Processing AnalyzeInventoryController#index (for 127.0.0.1 at 2010-06-16 13:20:46) [GET]
  Parameters: {"locale"=>"pt-BR"}
Rendering template within layouts/application
Rendering analyze_inventory/index
Completed in 11ms (View: 5, DB: 2) | 200 OK [http://localhost/]


Processing AnalyzeInventoryController#index (for 127.0.0.1 at 2010-06-16 13:23:50) [GET]
  Parameters: {"locale"=>"pt-BR"}
Rendering template within layouts/application
Rendering analyze_inventory/index
Completed in 31ms (View: 17, DB: 3) | 200 OK [http://localhost/]


Processing AnalyzeInventoryController#index (for 127.0.0.1 at 2010-06-16 13:23:51) [GET]
  Parameters: {"locale"=>"pt-BR"}
Rendering template within layouts/application
Rendering analyze_inventory/index
Completed in 14ms (View: 5, DB: 3) | 200 OK [http://localhost/]
